================================================================================
Appcelerator Titanium Diagnostics Build Log
The contents of this file are useful to send to Appcelerator Support if
reporting an issue to help us understand your environment, build settings
and aid in debugging. Please attach this log to any issue that you report.
================================================================================

Starting build at 05/03/11 17:26

Build details:

   timestamp=03/31/11 12:08
   version=1.7.0
   githash=f6cae16


Script arguments:
   /Library/Application Support/Titanium/mobilesdk/osx/1.7.0/iphone/builder.py
   simulator
   4.2
   /Users/davehudson/Apps/Ultanium
   com.densen.ultanium
   Ultanium
   universal
   iphone
   

Building from: /Library/Application Support/Titanium/mobilesdk/osx/1.7.0/iphone
Platform: Darwin Kernel Version 10.7.0: Sat Jan 29 15:17:16 PST 2011; root:xnu-1504.9.37~1/RELEASE_I386

Xcode path is: /Developer


githash=f6cae16, existing_git_hash=f6cae16
writing contents of /Users/davehudson/Apps/Ultanium/build/iphone/project.xcconfig:

TI_VERSION=1.7.0
TI_SDK_DIR=/Library/Application Support/Titanium/mobilesdk/osx/$(TI_VERSION)/iphone
TI_APPID=com.densen.ultanium
OTHER_LDFLAGS[sdk=iphoneos4*]=$(inherited) -weak_framework iAd
OTHER_LDFLAGS[sdk=iphonesimulator4*]=$(inherited) -weak_framework iAd
#include "module"

old contents


+ writing debugger plist:

<?xml version="1.0" encoding="UTF-8"?>
<!DOCTYPE plist PUBLIC "-//Apple//DTD PLIST 1.0//EN" "http://www.apple.com/DTDs/PropertyList-1.0.dtd">
<plist version="1.0">
<dict>
	<key>host</key>
	<string></string>
	<key>port</key>
	<string></string>
</dict>
</plist>


Generated the following stylecode code:

<?xml version="1.0" encoding="UTF-8"?>
<!DOCTYPE plist PUBLIC "-//Apple//DTD PLIST 1.0//EN" "http://www.apple.com/DTDs/PropertyList-1.0.dtd">
<plist version="1.0">
	<dict>
		<key>classes</key>
		<dict>
<key>app</key>
<dict>
<key>win</key>
<dict>
<key>borderRadius</key>
<string>5</string>
<key>borderColor</key>
<string>#fff</string>
</dict>
<key>window</key>
<dict>
<key>barColor</key>
<string>#333</string>
<key>color</key>
<string>#333</string>
<key>backgroundColor</key>
<string>#fff</string>
</dict>
<key>tableview</key>
<dict>
<key>backgroundColor</key>
<string>#fff</string>
<key>rowBackgroundColor</key>
<string>#fff</string>
</dict>
</dict>
</dict>

		<key>classes_density</key>
		<dict>
<key>app</key>
<dict>
</dict>
</dict>

		<key>ids</key>
		<dict>
<key>app</key>
<dict>
<key>win2</key>
<dict>
<key>backgroundColor</key>
<string>#333</string>
</dict>
<key>win3</key>
<dict>
<key>backgroundColor</key>
<string>yellow</string>
</dict>
<key>tab1</key>
<dict>
<key>icon</key>
<string>icons/KS_nav_ui.png</string>
</dict>
<key>win1</key>
<dict>
<key>backgroundColor</key>
<string>#f0f</string>
</dict>
<key>tab3</key>
<dict>
<key>icon</key>
<string>icons/KS_nav_ui.png</string>
</dict>
<key>tab2</key>
<dict>
<key>icon</key>
<string>icons/KS_nav_ui.png</string>
</dict>
</dict>
</dict>

		<key>ids_density</key>
		<dict>
<key>app</key>
<dict>
</dict>
</dict>

	</dict>
</plist>
Finishing build
